Determining if the pthread_create exist failed with the following output:
Change Dir: /dss/dsshome1/01/ge47gej2/rqcopt_hpc/build/CMakeFiles/CMakeTmp

Run Build Command:"/usr/bin/gmake" "cmTC_6a4a7/fast"
/usr/bin/gmake -f CMakeFiles/cmTC_6a4a7.dir/build.make CMakeFiles/cmTC_6a4a7.dir/build
gmake[1]: Entering directory '/dss/dsshome1/01/ge47gej2/rqcopt_hpc/build/CMakeFiles/CMakeTmp'
Building C object CMakeFiles/cmTC_6a4a7.dir/CheckSymbolExists.c.o
/dss/dsshome1/lrz/sys/spack/release/22.2.1/opt/x86_64/intel-oneapi-compilers/2021.4.0-gcc-xrzccgg/compiler/2021.4.0/linux/bin/icx    -o CMakeFiles/cmTC_6a4a7.dir/CheckSymbolExists.c.o   -c /dss/dsshome1/01/ge47gej2/rqcopt_hpc/build/CMakeFiles/CMakeTmp/CheckSymbolExists.c
Linking C executable cmTC_6a4a7
/usr/bin/cmake -E cmake_link_script CMakeFiles/cmTC_6a4a7.dir/link.txt --verbose=1
/dss/dsshome1/lrz/sys/spack/release/22.2.1/opt/x86_64/intel-oneapi-compilers/2021.4.0-gcc-xrzccgg/compiler/2021.4.0/linux/bin/icx      CMakeFiles/cmTC_6a4a7.dir/CheckSymbolExists.c.o  -o cmTC_6a4a7 
/usr/lib64/gcc/x86_64-suse-linux/7/../../../../x86_64-suse-linux/bin/ld: CMakeFiles/cmTC_6a4a7.dir/CheckSymbolExists.c.o: in function `main':
CheckSymbolExists.c:(.text+0x18): undefined reference to `pthread_create'
clang: error: linker command failed with exit code 1 (use -v to see invocation)
gmake[1]: *** [CMakeFiles/cmTC_6a4a7.dir/build.make:98: cmTC_6a4a7] Error 1
gmake[1]: Leaving directory '/dss/dsshome1/01/ge47gej2/rqcopt_hpc/build/CMakeFiles/CMakeTmp'
gmake: *** [Makefile:126: cmTC_6a4a7/fast] Error 2

File /dss/dsshome1/01/ge47gej2/rqcopt_hpc/build/CMakeFiles/CMakeTmp/CheckSymbolExists.c:
/* */
#include <pthread.h>

int main(int argc, char** argv)
{
  (void)argv;
#ifndef pthread_create
  return ((int*)(&pthread_create))[argc];
#else
  (void)argc;
  return 0;
#endif
}

Determining if the function pthread_create exists in the pthreads failed with the following output:
Change Dir: /dss/dsshome1/01/ge47gej2/rqcopt_hpc/build/CMakeFiles/CMakeTmp

Run Build Command:"/usr/bin/gmake" "cmTC_c33b0/fast"
/usr/bin/gmake -f CMakeFiles/cmTC_c33b0.dir/build.make CMakeFiles/cmTC_c33b0.dir/build
gmake[1]: Entering directory '/dss/dsshome1/01/ge47gej2/rqcopt_hpc/build/CMakeFiles/CMakeTmp'
Building C object CMakeFiles/cmTC_c33b0.dir/CheckFunctionExists.c.o
/dss/dsshome1/lrz/sys/spack/release/22.2.1/opt/x86_64/intel-oneapi-compilers/2021.4.0-gcc-xrzccgg/compiler/2021.4.0/linux/bin/icx   -DCHECK_FUNCTION_EXISTS=pthread_create   -o CMakeFiles/cmTC_c33b0.dir/CheckFunctionExists.c.o   -c /usr/share/cmake/Modules/CheckFunctionExists.c
Linking C executable cmTC_c33b0
/usr/bin/cmake -E cmake_link_script CMakeFiles/cmTC_c33b0.dir/link.txt --verbose=1
/dss/dsshome1/lrz/sys/spack/release/22.2.1/opt/x86_64/intel-oneapi-compilers/2021.4.0-gcc-xrzccgg/compiler/2021.4.0/linux/bin/icx  -DCHECK_FUNCTION_EXISTS=pthread_create    CMakeFiles/cmTC_c33b0.dir/CheckFunctionExists.c.o  -o cmTC_c33b0 -lpthreads 
/usr/lib64/gcc/x86_64-suse-linux/7/../../../../x86_64-suse-linux/bin/ld: cannot find -lpthreads
clang: error: linker command failed with exit code 1 (use -v to see invocation)
gmake[1]: *** [CMakeFiles/cmTC_c33b0.dir/build.make:98: cmTC_c33b0] Error 1
gmake[1]: Leaving directory '/dss/dsshome1/01/ge47gej2/rqcopt_hpc/build/CMakeFiles/CMakeTmp'
gmake: *** [Makefile:126: cmTC_c33b0/fast] Error 2


Determining if the function sgemm_ exists failed with the following output:
Change Dir: /dss/dsshome1/01/ge47gej2/rqcopt_hpc/build/CMakeFiles/CMakeTmp

Run Build Command(s):/usr/bin/gmake -f Makefile cmTC_80e87/fast && /usr/bin/gmake  -f CMakeFiles/cmTC_80e87.dir/build.make CMakeFiles/cmTC_80e87.dir/build
gmake[1]: Entering directory '/dss/dsshome1/01/ge47gej2/rqcopt_hpc/build/CMakeFiles/CMakeTmp'
Building C object CMakeFiles/cmTC_80e87.dir/CheckFunctionExists.c.o
/dss/dsshome1/lrz/sys/spack/release/22.2.1/opt/x86_64/intel-oneapi-compilers/2021.4.0-gcc-xrzccgg/compiler/2021.4.0/linux/bin/icx   -DCHECK_FUNCTION_EXISTS=sgemm_ -MD -MT CMakeFiles/cmTC_80e87.dir/CheckFunctionExists.c.o -MF CMakeFiles/cmTC_80e87.dir/CheckFunctionExists.c.o.d -o CMakeFiles/cmTC_80e87.dir/CheckFunctionExists.c.o -c /dss/dsshome1/lrz/sys/spack/release/22.2.1/opt/x86_64/cmake/3.21.4-gcc-6d6yeai/share/cmake-3.21/Modules/CheckFunctionExists.c
Linking C executable cmTC_80e87
/dss/dsshome1/lrz/sys/spack/release/22.2.1/opt/x86_64/cmake/3.21.4-gcc-6d6yeai/bin/cmake -E cmake_link_script CMakeFiles/cmTC_80e87.dir/link.txt --verbose=1
/dss/dsshome1/lrz/sys/spack/release/22.2.1/opt/x86_64/intel-oneapi-compilers/2021.4.0-gcc-xrzccgg/compiler/2021.4.0/linux/bin/icx  -DCHECK_FUNCTION_EXISTS=sgemm_ CMakeFiles/cmTC_80e87.dir/CheckFunctionExists.c.o -o cmTC_80e87 
/usr/lib64/gcc/x86_64-suse-linux/7/../../../../x86_64-suse-linux/bin/ld: CMakeFiles/cmTC_80e87.dir/CheckFunctionExists.c.o: in function `main':
CheckFunctionExists.c:(.text+0x1b): undefined reference to `sgemm_'
clang: error: linker command failed with exit code 1 (use -v to see invocation)
gmake[1]: *** [CMakeFiles/cmTC_80e87.dir/build.make:100: cmTC_80e87] Error 1
gmake[1]: Leaving directory '/dss/dsshome1/01/ge47gej2/rqcopt_hpc/build/CMakeFiles/CMakeTmp'
gmake: *** [Makefile:127: cmTC_80e87/fast] Error 2



Performing C SOURCE FILE Test CMAKE_HAVE_LIBC_PTHREAD failed with the following output:
Change Dir: /dss/dsshome1/01/ge47gej2/rqcopt_hpc/build/CMakeFiles/CMakeTmp

Run Build Command(s):/usr/bin/gmake -f Makefile cmTC_3fae8/fast && /usr/bin/gmake  -f CMakeFiles/cmTC_3fae8.dir/build.make CMakeFiles/cmTC_3fae8.dir/build
gmake[1]: Entering directory '/dss/dsshome1/01/ge47gej2/rqcopt_hpc/build/CMakeFiles/CMakeTmp'
Building C object CMakeFiles/cmTC_3fae8.dir/src.c.o
/dss/dsshome1/lrz/sys/spack/release/22.2.1/opt/x86_64/intel-oneapi-compilers/2021.4.0-gcc-xrzccgg/compiler/2021.4.0/linux/bin/icx -DCMAKE_HAVE_LIBC_PTHREAD   -MD -MT CMakeFiles/cmTC_3fae8.dir/src.c.o -MF CMakeFiles/cmTC_3fae8.dir/src.c.o.d -o CMakeFiles/cmTC_3fae8.dir/src.c.o -c /dss/dsshome1/01/ge47gej2/rqcopt_hpc/build/CMakeFiles/CMakeTmp/src.c
Linking C executable cmTC_3fae8
/dss/dsshome1/lrz/sys/spack/release/22.2.1/opt/x86_64/cmake/3.21.4-gcc-6d6yeai/bin/cmake -E cmake_link_script CMakeFiles/cmTC_3fae8.dir/link.txt --verbose=1
/dss/dsshome1/lrz/sys/spack/release/22.2.1/opt/x86_64/intel-oneapi-compilers/2021.4.0-gcc-xrzccgg/compiler/2021.4.0/linux/bin/icx CMakeFiles/cmTC_3fae8.dir/src.c.o -o cmTC_3fae8 
/usr/lib64/gcc/x86_64-suse-linux/7/../../../../x86_64-suse-linux/bin/ld: CMakeFiles/cmTC_3fae8.dir/src.c.o: in function `main':
src.c:(.text+0x25): undefined reference to `pthread_create'
/usr/lib64/gcc/x86_64-suse-linux/7/../../../../x86_64-suse-linux/bin/ld: src.c:(.text+0x2f): undefined reference to `pthread_detach'
/usr/lib64/gcc/x86_64-suse-linux/7/../../../../x86_64-suse-linux/bin/ld: src.c:(.text+0x39): undefined reference to `pthread_cancel'
/usr/lib64/gcc/x86_64-suse-linux/7/../../../../x86_64-suse-linux/bin/ld: src.c:(.text+0x45): undefined reference to `pthread_join'
/usr/lib64/gcc/x86_64-suse-linux/7/../../../../x86_64-suse-linux/bin/ld: src.c:(.text+0x50): undefined reference to `pthread_atfork'
clang: error: linker command failed with exit code 1 (use -v to see invocation)
gmake[1]: *** [CMakeFiles/cmTC_3fae8.dir/build.make:100: cmTC_3fae8] Error 1
gmake[1]: Leaving directory '/dss/dsshome1/01/ge47gej2/rqcopt_hpc/build/CMakeFiles/CMakeTmp'
gmake: *** [Makefile:127: cmTC_3fae8/fast] Error 2


Source file was:
#include <pthread.h>

static void* test_func(void* data)
{
  return data;
}

int main(void)
{
  pthread_t thread;
  pthread_create(&thread, NULL, test_func, NULL);
  pthread_detach(thread);
  pthread_cancel(thread);
  pthread_join(thread, NULL);
  pthread_atfork(NULL, NULL, NULL);
  pthread_exit(NULL);

  return 0;
}

